M6811 Disassembler V2.00 -- GDC V2.00
Copyright(c)1996-2014 by Donna Whisnant

Reading and Parsing Control File: "av94bnbh.ctl"...
Loading "av94bnbh.bin" at offset 0x4000 using binary library...

        1 Source File: av94bnbh.bin

        Disassembly Output File: av94bnbh.dis

        Functions Output File: av94bnbh.fnc

        Memory Mappings:
            ROM Memory Map:
                0x4000 - 0xFFFF  (Size: 0xC000)
            RAM Memory Map: <Not Defined>
             IO Memory Map: <Not Defined>

        16 Entry Points:
                0x7C0B
                0x7C12
                0x7C1C
                0x7C22
                0x7C35
                0x7C6B
                0x7C7C
                0x7C83
                0x7C9C
                0x7CA0
                0x7CAA
                0x7CAE
                0x7CBE
                0x7CC2
                0x7CCC
                0x7CDD

        0 Exit Functions Defined

        21 Unique Labels Defined:
                0xFFD6=scivect
                0xFFD8=spivect
                0xFFDA=paievect
                0xFFDC=paovect
                0xFFDE=tovfvect
                0xFFE0=ti4o5vect
                0xFFE2=to4vect
                0xFFE4=to3vect
                0xFFE6=to2vect
                0xFFE8=to1vect
                0xFFEA=ti3vect
                0xFFEC=ti2vect
                0xFFEE=ti1vect
                0xFFF0=rtivect
                0xFFF2=irqvect
                0xFFF4=xirqvect
                0xFFF6=swivect
                0xFFF8=ilopvect
                0xFFFA=copvect
                0xFFFC=cmonvect
                0xFFFE=rstvect

Writing byte value comments for ASCII data in disassembly file.

Compiling Indirect Code (branch) Table as specified in Control File...
        21 Indirect Code Vectors:
                [0xFFD6] -> 0xF494
                [0xFFD8] -> 0xF8EE
                [0xFFDA] -> 0xF8E4
                [0xFFDC] -> 0xF8E4
                [0xFFDE] -> 0xF8E4
                [0xFFE0] -> 0x7922
                [0xFFE2] -> 0x7986
                [0xFFE4] -> 0x79EA
                [0xFFE6] -> 0xF8D9
                [0xFFE8] -> 0xCC8A
                [0xFFEA] -> 0xF8D9
                [0xFFEC] -> 0xF8D9
                [0xFFEE] -> 0xF8D9
                [0xFFF0] -> 0xF8D9
                [0xFFF2] -> 0x7597
                [0xFFF4] -> 0xF8B3
                [0xFFF6] -> 0xF8AE
                [0xFFF8] -> 0xF8C4
                [0xFFFA] -> 0xF8C9
                [0xFFFC] -> 0xF8CE
                [0xFFFE] -> 0xF8D3

Compiling Indirect Data Table as specified in Control File...
        0 Indirect Data Vectors


Pass 1 - Finding Code, Data, and Labels...
LC3BA  LCD23  LC3CE  LC4B3  LAE65  LEEAA  LF26C  LD425  L7C31  L7C34
LC6D1  L0002  L7C4A  LE860  LE893  LC6F6  LC71D  L7C59  LD2D7  LD399
L7C7B  LC506  LC923  LCC1E  L7C8C  L7C8F  LCCC9  LCE3D  LA386  LD414
LD1D9  L7CBA  L7CBD  LCA43  LCACF  LD9BB  LDA49  L02BE  L7CD9  L0004
L7CDC  L7CE6  L7CE9  L0044  L759E  LF8BB  L300E  L0062  L3016  L75C3
L0050  L306F  L75DB  L3030  L3031  L082E  L004F  L75E2  L76FD  L0068
L006A  L75F5  L02F0  L75FF  L7873  L0006  LF15E  L7626  L02F2  L78D4
L026F  L7629  L76D7  L76DD  L0019  L7634  L0279  L763E  L0273  L76A4
L7654  L0053  L7678  L4956  LF1ED  L7669  L02F1  L7675  L7907  L768A
L0825  L76A0  L084E  L76BD  L0827  L76D3  L862B  L76E5  L0055  L4D8E
L76FA  L4D8D  L02EC  L7743  L028B  L770B  L7720  L081E  L495A  L028A
L7740  L400C  L7786  L0051  L7767  L77C9  L0277  L7762  L77AF  L0829
L7789  L4920  L77BF  L7812  L77A5  L77BC  L082A  L77D5  L77F9  L7801
L78A4  L081F  L77E8  L7874  L3FFA  L0073  L0067  L450C  L783B  L01FC
L48D0  LF116  L783D  L400B  L7851  L7865  L003F  L7870  L7883  L0821
L789B  L78A3  L78B3  L0823  L78CB  L78D3  L78E4  L78F8  L4D8F  L7906
L5B03  L7921  L7919  L4E65  L7972  L0046  L7954  L025D  L7942  L7945
L7962  L795D  L7983  L79D6  L79B8  L79A6  L79A9  L79C6  L79C1  L79E7
L301A  L3023  L0000  L7A05  LF705  L003A  L7A17  L7A14  L0003  L7A20
L003B  L7A3B  L0391  L0072  L0392  L9286  LF08B  L006F  L7A73  L7A70
L4E5F  LF137  L4E5E  L4139  L0047  L7A7D  L4138  L01E6  LF0F6  L01E9
L7A95  L3032  L3033  L3034  L0148  LEEE2  L7CF6  L7AD4  L3FC4  L080D
L080C  L0146  L3068  L7E04  L7B00  L0043  L7AFF  L00F8  L7AF7  L4953
L7B0F  L7B11  L001A  L7B2D  L7B7C  LAD0C  L303A  L7B51  L924A  LA53C
LD075  LD11D  LF285  L7B49  LB773  LCF65  LAF40  L7E2E  LCC05  L7B6A
L0393  L7B6D  LF081  L7B79  L94B3  LC307  LB3B5  L0082  L7BA9  L7BB7
L7BE6  L7BAC  LC32A  LE50E  LE542  LC78A  LC7E0  LC805  L0016  L7C63
L0017  L7C6A  LF279  L9F7C  LC879  LAD62  LC30B  LE3ED  LE4B9  LE046
L004C  L7D08  L014A  L0149  L7D8B  L014E  L7D17  L0147  L7D22  L7D2D
L7D35  L7D36  L014D  L7D45  L7D51  L7D6B  L7D79  L7D76  L7D88  L008A
L7DC6  L00F6  L6925  L7DC4  L6927  L6926  L00AF  L00A1  L7DBF  L7DDA
L7E03  L6929  L6928  L7E01  L004D  L7E0E  L0096  L7E17  L7E12  L00F5
L7E2D  L5D04  L7E23  L02A1  L7E73  L7E90  L4009  L3039  L7E71  L7E8A
L003E  L0246  L02A0  L0041  L400F  L7EA7  L0085  L7ECA  L0063  L0065
L7EB5  L413B  L01E8  L7ED2  L7ECD  L413A  L01FD  LB270  L0092  L7EE6
L7EEC  L5B23  L48B3  L7EFD  L029E  L48B1  L01F8  L7F10  L48B2  L01F5
L7F23  L91B6  L027A  L7F89  LAF17  L01E3  L01EA  L0201  L01FF  L8695
L7F52  L7F7D  L7F80  L860F  L85D8  L003D  L7F95  L7FFA  L01ED  L48B6
L7FAE  L48B5  L48B7  L7FBB  L7FFD  LF153  L48B8  L7FD4  L7FE6  L0260
L7FF4  L0005  L8001  L0261  L804F  L0200  L8014  L801D  L48B9  L8022
L02A7  L48BB  L803D  L48BA  L0207  L804A  L8053  L0262  L8069  L0208
L8075  L808B  L48CE  L8098  LF17B  L80B8  L80A0  L0232  L4905  L80B5
L0254  L0259  L4D8A  L025B  L0257  L020B  L80ED  L80F0  L0255  L026D
L4D88  L8112  L0271  L01D5  L0275  L026B  L8138  L813B  L81D1  L817F
L8156  L514B  L8153  L084D  L0812  L514C  L514F  L514D  L8170  L514E
L0061  L8179  L8300  L818A  L81E9  L8198  L81A0  L0093  L81A2  L81C5
L495C  L028D  L495B  L81EC  L81DB  L087F  L81FE  L48BC  L8218  L8207
L8213  L48BD  L821A  L8222  L822F  L8247  L025F  L8236  L006E  L48C0
L081D  L8258  L8255  L493A  L8262  L8330  L82CA  L8284  L82E0  L828F
L493B  L82B8  L493C  L01F2  L400E  L82AA  L4933  L82E3  L4934  L0266
L82C6  L4930  L82E8  L0268  L4935  L82DA  L4937  L8325  L82FB  L4931
L82F6  L4932  L0269  L831E  L4938  L0267  L4939  L8315  L81DF  L83D0
L8341  L8349  L83CA  L082B  L8357  L8362  L492C  L836B  L492D  L837B
L8390  L0265  L839D  L839F  L492F  L83B4  L492E  L83EE  L48D1  L48D2
L48D3  L83F4  L006C  L8425  L8402  L4510  L840E  L8416  L450F  L8422
L842E  L01EF  L8449  L844F  L0292  L8473  L847F  L847B  L848E  L84A0
L859F  L84DE  L84AD  L84D3  L84B7  L4922  L84DC  L496A  L84D9  L8555
L84E9  L854C  L84F2  L8507  L3FCE  LF08A  L3FC0  L8518  L0281  L8535
L027F  L027D  L0280  L027C  L8559  L4928  L8576  L492A  L8599  L858C
L8586  L85AE  L85C9  LF15A  L4967  L85D2  L4963  L4965  L85EB  L85FA
L4969  L8609  L860C  L861B  L8720  LD3CA  L862A  L86F6  L8627  L8A01
L8F97  L864F  L3FF2  L3FFC  L4D8B  L86C4  L866E  L86BA  L86DA  L86F5
L86F2  L4142  L8681  L8689  L8694  L8708  L871F  L8712  L3FCA  L0228
L8745  L872E  L8734  L873F  L0264  L493F  L8756  L8758  L876E  L4940
L0290  L4942  L028F  L8789  L0070  L8790  L4E4E  L028E  L493D  L87A2
L87BB  L87AF  L87B7  L01F7  L87BD  L87CA  L0298  L87D0  L029F  L87D3
L87E9  L87E6  L885C  L8873  L87F1  L0052  L885F  L8859  L880D  L8818
L881C  L8825  L8834  L4901  L4902  L4903  L4904  L0071  L0282  L029D
L89F4  L8889  L0291  L8883  L88A1  L8893  L494B  L889B  L494C  L02A3
L88F6  L4943  L88C9  L88DB  L0285  L88E6  L88F2  L891F  L8908  L8932
L894C  L02A4  L8962  L89B0  L493E  L8970  L897B  L897C  L8998  L4907
L89AD  L8995  L89A3  L4906  L89C5  L4944  L89BD  L89CC  L89E9  L4908
L89FB  L48DD  L8A1B  L8A50  L48C7  L8A35  L01EC  L8A28  L8A32  L02EB
L8A3B  L8A52  L0295  L8A47  L0289  L0287  L8A7B  L8A6B  L48E2  L8A71
L48CF  L8AEE  L8AFC  L48D8  L8AE9  L48D4  L8AC9  L8AB0  L8AC1  L0294
L48D5  L8AD9  L8B05  L8AD3  L48EE  L8AE4  L8B02  L8AFF  L48D6  L8AF9
L8B3F  L8B13  L4952  L48DA  L48DB  L8B39  L082C  L48DC  L8B31  L48E0
L48E1  L4909  L8B49  L4E71  L8B4D  L4955  L8B6B  L4957  L8B64  L8B75
L8D50  L4917  L8B8D  L4918  L0286  L8B9C  L4919  L0203  L0204  L0205
L8BCA  L490D  L8BD2  L8CDF  L8C34  L8BDD  L490A  L8BE8  L490C  L490B
L490E  L0206  L01FE  L8C09  L8C31  L01F0  L8C17  L8C1E  L8CD6  L029A
L4910  L8C3A  L029B  L4911  L8C36  L028C  L4913  L8CA4  L8C5A  L4914
L8C7C  L8C88  L491B  L8C9D  L8CA3  L4912  L8CC0  L4915  L4916  L491A
L8D1B  L0818  L491C  L8CF0  L0299  L490F  L8D0C  L8D15  L8CFB  L8C39
L8D0B  L8D36  L8D49  L0397  L0399  L1800  
     *** Warning:  Branch Ref: 0x1800 is outside of Loaded Source File.
L026E  L8D71  L081A  L8D68  L48EC  L8DAE  L8D96  L8DA0  L8DA6  L026A
L8E1D  L8E56  L8E1F  L8DCE  L48EA  L8DCA  L8DD9  L8E04  L48EB  L8E00
L8DFE  L8E1A  L8E18  L8E5C  L48E4  L8E34  L48E5  L48E6  L8E41  L48E7
L48E8  L48E9  L48F2  L8E75  L8E70  L48F0  L8E73  L48EF  L8E7B  LEF1D
L8ED2  L8E99  L8EA2  L8ECC  L026C  L8EC9  L8EBB  L48FF  L48FD  L4900
L48FE  L0263  L8EFD  L48BE  L48BF  L01EE  L8F00  L8F4B  L0297  L8F1E
L8F89  L0296  L8F2C  L48E3  L8F3D  L8F4E  L8F57  L8F82  L8F70  L48F1
L8F6B  L8F7D  L8F7A  L8FA6  L8FAC  L02BC  L0075  L50CE  L02B1  L8FBB
L02B6  L8FC7  L1809  
     *** Warning:  Branch Ref: 0x1809 is outside of Loaded Source File.
L8FA8  L50D0  L901B  L8FFA  L8FDA  L8FDD  L02B7  L9016  L50D7  L8FF2
L02A9  L9004  L9007  L50D1  L901E  L9039  L9033  L9042  L90F3  LF136
L905A  L9064  L9067  L02AD  L50D3  L9082  L9085  L02B3  L02B5  L90AF
L50D4  L90A2  L90A5  L90DB  L90C2  L50D8  L90C8  L9176  L90D5  L90D8
L917A  L90E6  L90F0  L9120  L02B0  L9144  L9105  L916E  L912A  L9148
L50DC  L50DB  L913B  L50DD  L9177  L9153  L9161  L9164  L02AA  L9173
L50D9  L919A  L918D  L9197  L91B5  L02AB  L91B2  L50CF  L91BF  L02BD
L91D5  L91D8  L02B8  L02BA  L920E  L91FD  L920A  L9221  L9218  L9205
L922E  L9236  L9244  L0395  L0396  L306C  L9268  L9262  L927C  L9285
L9282  L000A  L9292  L929B  L92A0  L4EAC  L92E3  L0007  L0008  L92AF
L0009  L92B7  L92C2  L92C9  L92D9  L92DD  L92E1  L94BA  L1803  
     *** Warning:  Branch Ref: 0x1803 is outside of Loaded Source File.
L0038  L94C4  LA4DD  L94DC  L94D3  L997E  L9387  L94ED  L94EA  L4EA6
L997C  L4EAB  L4EA8  L02CA  L02CC  L93A0  L4EA9  L93A5  L93A7  L4EAA
L02CD  L02CF  L4EA7  L02C0  L02C2  L93C0  L93C5  L93C7  L02C3  L02C5
L50CA  L02D4  LA4D0  L94F4  L961A  L02A6  L0866  L0867  L4EAE  L086B
L4EAF  L086C  L9524  L4E85  L9532  L085C  L9551  L4EB2  L0857  L4EB1
L085D  L4EB0  L085E  L086D  L0879  L087A  L0876  L0877  L0887  L087B
L0864  L086E  L0036  L0037  L0039  L4FB4  L0859  L02D0  L02D2  L02C6
L02C8  L0875  L95DA  L95D5  L95EB  L95E6  L95E3  L95EE  L0862  L0871
L087D  L4E87  L9614  L960E  L9611  L9920  L962A  L9654  L9632  L009C
L9684  L4F19  L4F1B  L4F1A  L4F1F  L9674  L4F20  L4F21  L4F1C  L4F1E
L4F1D  L4F22  L4F23  L9690  L9696  L96C5  L970F  L4F05  L4F06  L96B4
L4F07  L96BC  L4F09  L4F08  L96FF  L4F18  L0878  L96E4  L0252  LF141
L96F8  L4F12  L4F13  L96F0  L4F14  L4F16  L4F15  L971A  L9781  L973C
L9730  L9756  L088F  L0891  L974C  L0895  L0897  L977E  L977B  L9775
L0893  L0899  L4E86  L97A5  L932A  L97A2  L4F24  L4F26  L087C  L4F25
L97AF  L97B3  L9331  L9332  L97BC  L0869  L97C6  L97CA  L0884  L97D3
L97E1  L0858  L97ED  L4F76  L97FA  L4F77  L9807  L4F78  L0882  L0885
L9819  L4F75  L9820  L9829  L4F74  L9AA8  L9D03  L9D89  L9840  L984E
L9855  L9863  L0870  L986A  L9874  L9877  L9891  L988A  L9899  L509F
L98B5  L509E  L98B8  L98C6  L98BE  L98C0  L0880  L98D6  L9913  L98FD
L50A2  L98EE  L98F2  L50B5  L0888  L990B  L50A0  L0889  L9938  L9963
L994F  L50BE  L50BF  L088B  L9AB2  L9ABA  L4EE8  L9AD2  L9ADD  L4EE9
L9AE8  L4EEA  L9B10  L9AFE  L9B09  L9B2A  L9B3B  L9B41  L9CE9  L9B50
L9B82  L9B70  L0868  L504B  L504C  L9B7C  L9CBD  L9B8D  L9BA1  L9B96
L9B9F  L9BB2  L9BBC  L9C31  L50B8  L9BF9  L50B9  L9BDC  L50BA  L50BC
L9BF6  L9C5F  L9C0A  L9C23  L9C1E  L9C2E  L9C49  L9C3E  L9C44  L9C62
L9C56  L9C5C  L9C6D  L9C94  L9C81  L9C8F  L50BB  L9CBC  L9CDC  L9CCC
L9CD3  L9CD9  L9CE7  L0873  L9D13  L9D53  L9D1A  L9D20  L9D26  L4FBF
L9D3D  L9D4B  L4FC0  L9D47  L4FC1  L9D56  L9D5E  L9D72  L9D67  L9D70
L9D95  L9D9F  L9D9D  L9DDF  L9DB7  L9DC2  L9DC8  L9DBD  L5030  L9DC5
L5031  L9DD5  L9DD8  L9F83  LA370  L997F  L9FAD  L4EB6  L4EB7  L9FCD
L50B4  L9FCA  L9FD6  LA01C  L9986  L9AA7  L9992  L99A2  L99AC  L4F7A
L99C6  L4F7B  L4F7C  L99C3  L4F73  L4F79  L99D5  L99ED  L4F7D  L4F7F
L99F2  L085B  L9A20  L4F7E  L9A05  L9A00  L9A15  L4F80  L9A1F  L4F81
L4F82  L4F83  L9A31  L085F  L9A3C  L9A8B  L4F84  L9A50  L4F85  L9A56
L9A7F  L9333  L9A6B  L0860  L9A66  L0861  L9A7B  L4F87  L9A82  L3008
L933F  L9340  L9A73  L9A7E  L4F86  L9AA1  L9AA4  L9FDD  LA05F  L9FE3
L9FEC  L0319  LA031  L50BD  LA000  L50C2  L088D  LA0B1  L0317  L50C3
L50C5  LA01F  LA0B4  L50C7  LA029  L50C8  LA03A  LA053  L50C1  LA089
L50C0  LA07D  LA06C  LA075  L02D5  L50CD  LA09C  L50C4  LA0A1  L50C6
L92F1  L92FE  L9305  L004B  L9309  LA0BF  LA1AE  L931F  L50CB  L50C9
LA0C7  LA13F  L4EB3  LA0D5  LA0EC  L4EB4  LA0FD  LA114  L4EB5  LA135
LA176  LA1AC  L4EE6  LA15B  LA170  L4EE7  LA1A9  LA1A4  L4EE4  LA18B
LA1A0  L4EE5  LA203  LA1B4  L4FB5  L4FB6  L0018  LA1EB  LA1E3  LA1FA
LA22A  LA226  LA21B  L4F17  LA227  LA238  LA23B  LA35E  LA249  LA250
LA273  L4FBC  LA291  LA269  LA2B1  L4FBB  LA287  LA2A3  LA29E  LA2CF
LA2AC  LA2C3  LA2BE  LA2CC  LA2E0  LA2EB  LA2FF  LA31F  LA313  LA30D
LA30E  LA340  LA319  LA332  LA32D  LA33B  LA352  LA34D  LA35B  LA367
LA37A  LA382  L086A  LA38D  LA4DC  L9DE0  LA3B0  LA39F  L4F27  LA3A5
LA3AD  LA3D0  LA3BC  LA3CD  L9DE9  L9DEB  L9E16  L5064  L9E0F  L9E01
L5065  L9E13  L9E51  L9E20  L9E2A  L5066  L9E3A  L9E33  L507E  L9E46
L507F  L9E4A  L9E70  L02A5  L5090  L9E6D  L5091  L5092  L9EB2  L9E8D
L9ECF  L9EA8  L5096  L9EA5  L9EBE  L9ECC  L0886  L508D  L9ECB  L9EDB
L0883  L9EE9  L9F78  L9EFE  L5094  L9EFA  L5095  L9F13  L9F18  L9F31
L9F2E  L9F48  L5097  L9F45  L9F60  L9F58  L507D  L9F7B  L9F6D  LA3C6
LA400  LA3DC  LA3FD  LA3EC  LA3F6  LA432  LA421  L4FBD  L4FBE  LA46E
L5B02  LA44A  LA457  L50CC  LA465  LA460  LA46B  LA4BC  LA4B6  L50B6
L088E  L50B7  LA4B1  L4EAD  LA53B  LA4F0  LA521  LA516  L0398  LA532
LA548  LA552  LA562  LA56C  L01F1  LA581  LA586  LA5B7  L4E5A  L024C
L4E5C  LA5BC  L4E5B  LA5B2  L4E5D  LA5C2  LA613  L0283  L020D  LA5E0
L0225  LA616  LA5F1  LA657  LA655  L414D  L0215  LA60E  LA671  LA620
LA627  L4134  LA636  L0233  L4143  LA644  LA6BB  L4136  LA66C  L0234
L4144  LA66D  L4958  LA67F  LA683  LA694  L4D8C  LA6B0  L005F  LA6AD
LA6B7  LA6D4  L083D  LA6ED  LA6F4  L50DA  LA721  L02AF  LA72F  LA731
LA742  LA74D  L0837  LA75B  LF0D3  L01E5  LA76B  LA77A  L0209  LA77D
LA78E  LA79F  LA7AF  LA7AA  L083F  LA7B9  L020F  LA7D6  L01E4  LA7EC
LA7FD  L021B  LA810  LA81A  LA830  L4141  L413D  L021C  L400D  LA849
L021E  L0841  L022D  L022E  L413F  LA8A3  LA88D  LA882  LA895  L4854
L0217  L021F  L02EE  L413C  L413E  L0154  L0220  LA8F1  L021D  L083C
LA90C  LA914  L415D  LA91D  LA977  L4159  L415A  LA932  L415B  LA939
L415C  LA954  L415F  LA95D  LA967  LA973  LA97D  LA980  LA9CC  LA995
LA9A2  LA9A8  L450A  LA9C0  L450B  LA9BC  LA9C3  L46E8  LAA40  L46E9
LA9EC  L0838  L083A  LAA18  LAA23  L083B  LAA35  LAA3D  LAA69  L4151
LAA5C  L022B  LAAA3  LAAA6  L414E  L4150  LAA7B  L414F  LAA8D  LAA90
LAAAD  L1812  
     *** Warning:  Branch Ref: 0x1812 is outside of Loaded Source File.
LAAE0  LAADD  L4160  LAACD  L4163  LAAD2  L4164  L4161  L4133  L0211
L4145  LAAF9  LAB47  L45D0  LAB24  L0231  LAB17  L0842  L46D5  L46D6
L46D7  L46D8  L0230  LAB60  LAB59  LAB63  LAB91  L45CE  LAB72  L45CF
LABA2  LAB7B  L4E6D  L0843  LAB87  L022F  LAB89  L0844  LABB2  L414B
LABD5  LABD2  LABC9  L4149  L4147  LABF9  LABE9  LABF4  L039A  L0213
LAC0B  LAC1D  LAC1B  LAC24  L180F  
     *** Warning:  Branch Ref: 0x180F is outside of Loaded Source File.
L0224  LAC3F  L3FF6  LAC5D  L3FE8  L3FDC  L3FE6  LACEC  LACCB  LACD7
LACE0  LACD1  LACB9  L4E67  LACC8  L024F  L4E68  LACCE  LAD5E  L3FEC
L3FE4  LACFC  LAD5B  LAD59  LAD2C  LAD44  LAD4B  LAD6C  LAE64  LAD76
LAD8B  LAD8E  LAE03  LAE08  L3FE0  L0847  L0849  LADF3  L0845  LADB2
L084B  LAE0D  LADE4  L5119  LAE00  L511A  L0846  LAE21  LAE23  LAE31
LAE38  LAE42  LAE58  LAE6F  LAF16  LAE8B  L5151  LAE99  L5155  L0853
LAF0D  LAEA2  LAF02  L5150  LAF07  L0854  LAEB7  L5152  LAEBA  L5153
LAEC7  LAECC  LAEE3  LAF0A  LAF10  L5154  LAF3C  LAF3F  L3012  L0851
L5181  L5183  LAF5C  LAF62  LB106  LB12A  LB291  LB2DD  LB375  LF42B
LF2EB  LB35E  L00F3  L0076  L3000  LAF6F  L3002  L3060  L3062  L0098
L00D3  LAF9B  LAF96  L0084  LAFB5  LAFAB  LAFA6  LAFB2  LAFC5  LAFCE
LAFD1  L0097  LAFDF  LAFED  L0095  LB001  LB00B  LB01C  L5D23  L019C
LB026  LB02E  LB037  LB054  L009B  LB048  L009D  L0077  LB064  LB06E
LB07D  L00B1  L00CB  LF23F  LB096  LB099  L00B7  L00BE  L5D02  LB0B2
LB0D0  LB0D2  L5D13  L5D12  LE34C  LB0FB  L5D16  LB0F8  L00C6  L0099
L009A  LB121  LB124  LE677  LEA7B  LE4BA  LB13B  LB14E  L001D  LB15D
LB15F  LB15B  L5D0D  LE576  LE5B7  LE38F  LE96F  LB175  LE5F6  LEDD4
LE930  LE3CB  LE4A4  LE3B1  L00A0  LB27D  L5B26  LB28A  LB28D  L0197
L019D  L00BC  L00C0  LB2C9  L00E5  LF0BD  LB2DA  L00E7  LB2FF  LB318
LB2FA  L015D  L016E  LB316  L00CD  LB312  L00CF  L5D18  L0102  LB33A
LB344  L0814  L00D1  L0190  L5B43  LB374  LB370  LB384  L014C  LB38C
LB38F  LB3BE  LB3C7  LB3C8  LB3FB  LB486  L5D1D  LB3F4  L5D1F  L5D21
LB3FA  L00FA  L5D0C  L01C9  L01CA  L01CD  L01CB  L01CE  L5D0E  LB426
LB424  LB40D  LB43D  LB458  L01D0  L0081  LB472  LB47A  L00D5  LB48D
LB4DD  L007F  LB4E8  LB4A5  LB4AC  LB4B6  L0181  L00D4  L00F7  L00D9
L00DA  LB4D3  L008B  L008C  L00AC  L018B  LB552  L00D6  LB504  LB549
LB524  LB51E  LB52D  LB543  LB53B  LB553  LB5FE  LEBB1  LB562  LB574
LB57C  LB586  LB588  LB591  LB597  L0083  LB59F  LB5A1  LB5AB  LB5AD
LB5B3  LB5BF  LE414  LB5CE  LB5DB  LB5E3  L0180  LB5EB  LB5F1  L008D
LB5FD  L0114  LB64D  LB631  LD96D  LB64C  LB665  L00D7  L5FC5  LB67D
LB691  LB69B  LB74E  L601D  LB6AC  LB6CE  LB6BA  LB6C1  LB6C7  L00DB
L0145  L00D8  LB6FA  LB6E9  LB6F8  LB70B  LB701  LB713  LB72A  LB733
L0113  LB77C  LB78B  LB78C  LBCED  LBDF3  LBD4D  LBE8F  L0111  LB794
LBACB  LB7A2  LB7A8  LB7B9  LB7E8  LB7E0  LB7D0  LBACE  LB7F4  LB802
LB882  L6001  LB870  L6004  LB82B  LB822  LBC0C  LB88E  LBCEC  LBB86
LB8BE  LB8A6  LB8D5  LB8D9  LB8E8  LB8E9  LB8F8  LB8FC  LB8FD  LB905
LB917  LB927  LB929  L013E  LB942  L00E2  L00E9  L5FFF  LB94B  L5FFE
LB988  LB954  LB976  L013F  LB987  L0141  LB9AB  L5FE1  LB9A0  LBA76
L5FE3  LB9F7  L5FE2  LB9BA  LB9BF  LB9CA  LB9C3  LB99D  LBA21  LBA7C
LB9E5  L5FDD  L013D  L5FE4  L5FDF  L5FE5  L013C  LBA03  LBA05  LBA18
L0142  LBA2E  LBA3D  LBA5D  LBA4D  L5FDE  LBA54  L5FE0  L0140  LBA63
LBA71  LBA91  LBA8E  L601E  LBA9F  LBAA5  LBAAC  LBABF  LE424  L0112
LBAC8  L00DC  LBADB  LBAE7  LBB44  LBAFD  LBB02  LBB41  LBB1D  LBB23
LBB36  LBB33  L0144  LBBCA  LBBFD  LBBD6  LBBA1  L5FC9  L018C  LBBB8
L5FCA  L018D  L5FCB  L5FCC  LBBD0  LBBC5  L5FCD  L5FCE  L5FCF  L5FD0
L018E  L018F  LBBE9  LBBF2  LBBFB  LBC0B  LBC14  LBC1C  LBCE8  LBC5A
LBC33  L0139  L0138  LBC5C  LBCCB  LBC84  LBC6E  LBC7E  LBC8E  LBC89
LBCAE  LBC9A  L013A  LBCC9  LBCD8  LBCF5  LBD44  LBCFE  LBD00  L0143
LBD11  LBD29  LBD1B  LBD21  LBD2F  LBD3C  LBD3E  L0184  LBD59  L00AD
LBD68  LBD71  LBD77  L0183  LBD7A  LBD86  LBD8D  LBD99  LBDA1  LBDB7
LBDB4  LBDF2  L0087  LBDCC  L0119  L674A  LBDED  L011F  L674E  LBDEA
LBDFC  L011B  LBE03  L674C  LBE1D  L6750  LBE1A  L6748  LBE2C  LBE46
L0121  L6752  LBE43  LBE49  L0129  LBE52  L012A  LBE5B  LBE6C  L0123
L0182  LBE74  LBE7A  LBE7D  L0122  LBE85  LBE8B  LBE8E  L0086  LBE9E
LBEA4  LBEA1  LC065  LC0B7  LBF79  LBEC9  L011D  LBEC6  LBEC0  LC06A
LBEE5  LBEFF  L691F  LBEF6  LBF0B  LBF1D  L6920  LBF14  L691B  L0124
L6923  LBF76  LD90A  LBF35  LC0B8  L0110  LBF53  LBF4E  L0185  L0125
LBF62  LBF6A  L00EB  LBF71  L00ED  LC046  LC054  LBF84  LBF95  LBFAE
L6924  LBFE6  LBFD2  L6921  LBFC6  LBFDA  L6922  LBFE0  LBFF3  LC01C
LC00A  L6747  LC025  LC017  LC02B  LC034  LC03F  LC05C  L0127  LC05F
LC083  L012B  LC08E  LC0A8  L691D  LC0A3  L691E  LC0AB  L010A  LC0B4
LC10A  L0188  LC0CC  L0186  LC0F8  LC107  LC118  LB185  LB1B5  LB199
L015B  LB1A6  LB1B7  L015C  LB1B2  L019B  LB219  LB223  LB213  LB1CD
L00F1  LB1D8  L0094  LB201  L5B2A  LB205  L5B29  L5B24  LB1FB  L0199
L019A  L0198  L5B22  LB221  L00AA  L5B28  L0101  LB230  L5D1C  LB23E
L5D1B  LB24C  LE6B4  LE74D  LEC7F  LED0A  LED63  LE9DC  LEAAE  LEDD5
LEDD6  LEE44  LC348  LC35C  LC361  L001C  LC364  LC37B  LC383  LC3A5
LC39F  L306A  LC3B9  L012E  L012F  LEF12  LEEFC  LC3F1  L0316  LC454
LC44A  LC464  LC40D  L4153  LC45F  L4154  L4158  L4155  LC42E  L4156
LC440  LC451  L4157  LC46B  LC46E  LC47A  LC4C4  L001B  LC4D1  LC4D5
LC503  LC4DF  LC4EC  LC4F0  L5D05  L5D06  L00A6  L0088  LC51D  LC530
LC529  LC543  LC53C  L00A3  LC54A  LC55D  LC55A  LC569  LC575  L0089
LC595  LC58E  LC5A3  LC5B1  LC5E2  LE434  LC5D5  LC5C4  LC5D2  LC5EC
LC622  LC606  LC603  LC6CA  LC614  LC611  LC6C2  LC6D0  LC62E  LC6BD
LC635  LC64A  LC65E  LC66D  L6753  LC668  L6754  LC677  LC68F  L0126
LC6A1  LC6AB  LD934  LC6B7  LEC80  LECCD  LEAEE  LEB2F  LEB70  LE7EF
LE82B  LEA28  LE8C6  LE8C7  LE8C8  LE8FC  L009F  LC706  L004E  LC717
LC71A  L00AE  LC72A  LC732  LC734  L672E  LC74B  L672D  LC754  L5D28
LC75F  L5D29  LC767  L5D2A  LC770  LC787  L5D2B  L00A5  L082D  LC79B
L00A2  LC7AE  LC7B1  LC7C6  L5B1A  L5B18  LC7C2  L5B1B  LC7CA  LC7D6
LC7DC  LC7ED  LC7F5  LC7F7  LC829  LC83E  L48D9  L48DE  L01DE  LC862
LC868  LC922  LC8BF  LC88C  LC893  LC8A4  LC8AD  L4140  LC8BB  LC8E0
LC90B  LC91F  LC916  L082F  LC93B  LC93E  LC949  LCA42  L4022  LC955
LC963  L4012  L0830  L4013  L0831  LC994  LC96D  L4011  LC977  L4010
LC988  L0834  LC9C8  LC9C3  L4020  LC982  LC9C0  L4019  LC9AD  L0833
L4016  LC9BA  L401B  LC9D2  L401A  LC95B  L401C  LC9E0  L401D  LCA0A
L401E  LC9F9  L401F  L4014  L0836  L4017  LCA14  L4018  LCA1D  L0832
LCA2B  L4015  LCA2F  LCA32  LCA3F  LCA56  L48B4  L01F3  LCA59  L03B2
LCA61  LCA7C  LCA80  L3061  L3063  L3065  L4E7F  LCAE8  LCB3A  LCAFE
LCB2F  LCB34  L4E82  LCB18  L029C  L4E83  L4E80  L4E81  LCB37  LCB3C
LCB4B  LCB66  LCB4E  LCB75  L01F9  LCB7F  L3FDA  LCB92  LCB95  L3FD6
LCBB2  LCBD9  LCBC7  L50D2  LCBD6  L3FD4  LCBF0  LCBED  LCC04  LCC01
LCC18  LCC15  L01D2  L3FD8  LCC89  L022C  LCC72  L45AC  LCC86  L45AD
LCC44  L45AE  L45B0  LCC66  L45AF  LCC5D  LCC78  L45B1  L45B2  L45B3
L3FC8  L0226  LCC9C  LCCC8  LCCBD  LCCC5  LCCE9  LCCE0  LCCE6  L4E6B
LCD0B  L4E6C  LCD1D  L022A  L4E6A  LCD18  L0130  LCD2C  L0118  LCD41
LCD78  LCD4A  LCD58  LCD60  L5E8E  LCD7B  L5E8B  LCD75  L5E8A  LCE3C
LCD81  LCD98  LCD8C  LCD95  LCDA5  L5E8C  LCE29  LCDB2  L5E8D  LCDBC
LCDC5  LCDD1  LCDD6  LCE07  LCDFE  LCE04  L5E8F  LCE20  LCE26  LCE39
LCE55  L0253  LCE52  LCEB0  LCE64  LCE6A  LCE70  LCE78  LCE82  LCEA0
LCE93  LCE9D  LCEAA  LCEB4  LCF37  LCEC3  L46F4  LCECB  LCED5  LCEF5
LCF0B  LCF15  LCF22  L46FF  LCF3E  LCF48  LCF49  L01D1  LCF53  L1815
     *** Warning:  Branch Ref: 0x1815 is outside of Loaded Source File.
LCF64  LCF70  LCFAF  LCF80  LCF86  LCF83  LCFAB  LCF94  LCF9F  LCFA7
LD048  LD02A  LCFF3  LCFDE  LCFCD  L01DC  L4850  L4851  LCFE6  L4853
LCFF6  LD00E  L01D3  LD020  LD02B  L01D4  L47DA  LD038  LD047  LD059
LD063  LD083  LD11C  LD0AA  LD09D  L01D7  L01D8  LD0CA  L489D  L489C
LD0C7  LD0D5  L489A  LD0E2  L01DA  LD100  L489B  LD119  LD15A  LD12E
LD1D5  LD139  LD141  L006D  LD150  L01DD  LD160  LD1CD  LD1CE  L01DF
LD172  L084F  LD193  LD191  LD19A  LD1B0  L01E1  LD1C4  LD1C2  LD1E0
LD2D6  LD21A  L402C  LD1FE  L402D  LD2CB  L402B  LD213  LD22E  L01FB
L402F  LD22B  L01FA  LD28D  L4024  LD288  L4025  LD266  LD2A8  L4026
LD27E  L4027  L402A  LD285  L4029  L4028  LD2A3  LD2E1  LD398  LD2EB
LD2EE  L4074  LD2FB  L007E  LD313  L4075  LD309  L4076  L007C  L007B
LD333  LD338  L007D  LD34D  LD352  L007A  L0078  LD380  L406D  LD37B
L084C  LD371  L4073  LD395  LD386  L406E  LD390  L406F  L4070  LD3A2
LD3C6  LD3B0  LD3C9  LD3DD  L0811  LD3D8  LD410  LD405  L080F  L4132
LD402  LE444  LE46C  LE45C  L0080  LD491  LD8FE  LD444  LD478  LD8DC
LD451  LD46C  LD854  LD8B7  LD47B  LD7FB  LD48C  LD4DA  LD4D9  LD4A4
LD4CF  LD4B1  LD4C3  LD4E3  LD4EB  LD4F1  LD4F7  LD50F  LD505  LD50D
LD517  LD519  LD549  LD527  LD547  L5D2D  LD556  L5B2C  LD567  LD564
LD57D  LD589  L0131  LD5C2  LD59A  LD5B8  L5D26  L5D27  L5D25  LD5C0
L5D24  LD5D6  LE322  L0103  LD5F4  LD5EC  LD602  LD604  LD5FF  LD81B
LD82A  LD852  LD984  LD869  LD879  LD886  LD895  LD8B5  LD8C3  LD8CE
LD8FA  LD8FC  LD906  LD908  LD91B  LD92C  LD927  LD932  LD94C  LD94F
LD94A  LD959  LD967  LD97B  LD982  LD98D  LD99F  LD9AF  LD9B8  L4E3B
LDA32  LD9FE  L4E37  L0240  L4E38  LDA03  L4E3D  LDA06  LDA2A  L4E3F
L0241  L4E40  LDA2F  L0855  LDA45  L4E3E  LDA53  LDA60  LDAB5  L024E
LDA70  LDAC6  LDA82  LDAAA  LDA9E  LDA93  LDA74  LDAA2  LDAA7  LDA8D
L003C  L0239  LDAD4  LDAC2  LDFA8  L024B  L023C  L023D  LDEDA  LDB00
L00F9  L0014  L0015  L5B12  LDAF2  LEFC3  LDB72  LDB18  L4E28  L0158
LDB29  L4E29  LDB2D  L4E2A  L4E2C  L4E2B  L023F  L4E2E  LDB77  LDB7A
L4E2F  L4E2D  LDB6D  LDBAE  L4E30  L0817  L4E35  LDBC4  L4E33  L4E34
L4E31  L4E32  LDBB3  LDBC7  L4E36  LDBFA  L5B01  LDBE2  L081C  L4E39
LDBEF  L4E3A  LDC16  LDC10  L4E41  LDC24  LDC27  LDD14  LDC35  LDD0D
LDC3C  LDCFD  LDC39  L0242  LDC52  LDC4B  LDC4F  LDD03  L4E47  LDC8E
L4E43  L4E44  L4E45  L4E46  LDC7A  L4E4A  L4E4D  LDC90  LDCBB  LDC9C
L48ED  L0243  L4E48  LDCAC  LDCB6  L0245  LDCC5  L4E4C  LDCE5  L0244
L4E4B  LDCD3  L4E49  LDCE0  LDCEB  L4E42  LDD8A  LDD7E  L4E4F  LDD41
L024A  L4E55  LDD3B  LDD7B  LDD44  LDD59  L0248  L4E53  LDD56  L4E52
LDD86  L4E50  L0247  L4E51  LDD74  LDD87  LDD83  LDDC1  L4E57  LDDA0
L4E58  LDDC6  L4E56  L4E59  LDDCB  LDE01  L4E66  LDDFB  L4E69  LDDF8
L4E6E  LDE39  LDE1E  L4E70  LDE41  LDE44  LDE30  L4E6F  LDE28  LDE3C
LDE4E  L4E73  LDE96  LDE6F  L4E72  LDE6C  L4E74  LDE9E  LDE74  L4E76
L4E78  LDE89  L4E79  LDEA1  LDEB6  LDEB3  LEF2B  L0856  L4E7A  LDED7
LDEE1  LDFAB  LDEEB  LDFAC  LDF9F  LDEF2  LDEFA  LDF20  LDF05  LDF1B
LDF87  LDF24  LDF40  LDF44  L4E26  LDF5B  LDF84  LDF76  LDF98  LDF9B
LE018  L023B  LDFCF  LE033  LDFC3  LDFD1  LE039  LDFDC  LDFE8  LE01B
LDFF7  LE036  LE010  L023A  L0237  LE042  LE045  LE088  LE085  L4E7E
LE06C  L4E7D  L024D  L4E7B  LE082  L4E7C  LE0AD  LE0A2  LE0AB  LE0CB
LE0EE  LE14F  LE136  L02EF  L491F  L02ED  L0222  LE237  L0066  LE15D
L494A  LE164  LE172  LE178  LE1F4  LE188  LE1FC  LE1A6  L494F  LE19D
L494D  L0293  LE1F9  LE1C2  LE1CF  L491E  LE1EF  L494E  LE20C  L0223
LE21B  LE224  LE250  LE241  LE24D  LE253  LE2D6  LE264  LE2BC  L48C8
LE272  LE275  LE2AA  L48C2  LE293  L48C5  LE2CB  LE2A4  L48C1  LE29F
L48C4  L48C3  L48C6  LE2D9  L0801  LE2DE  LE321  L48DF  LE31E  L48CC
L48C9  LE308  L48CB  L48CA  L48CD  LE32A  LE33B  LE364  LE35F  LE38E
LE37B  L5B34  L5B2B  LE3A9  L5B35  LE3AD  L5B2F  LE3C3  LE3C7  L0100
LE3E5  L5B3A  L5B31  LE3E9  LE410  LE3F3  LE47C  LE420  LE430  LE440
LE458  LE454  LE468  LE478  LE49F  LE486  LE4B5  LE4CB  LE541  LE53D
L0159  LE531  LE53E  LE575  LE571  L015A  LE565  LE572  LE5B6  LE5B2
LE5A5  L008E  L001F  L5B1E  L5B1D  LE5B3  LE5F5  LE5F1  LE5E5  L0020
LE5F2  LE676  LE672  LE61E  L0021  L5B45  L5B46  L5B47  L5B48  LE66A
LE673  LE6B3  LE6AF  L015E  LE6A3  L0022  LE6B0  LE6E5  LE6DF  LE6E8
L015F  LE6E2  L0023  LE748  LE749  LE74C  LE6FE  L017B  LE71A  LE72E
LE715  L017C  LE727  LE733  LE781  LE77B  LE784  L0160  LE77E  L0024
LE7EA  LE7EB  LE7EE  LE7AC  LE796  L017E  LE7A7  L017D  LE7C3  LE7D1
LE7D9  LE82A  LE822  L0162  LE814  L0091  LE826  LE85F  LE85B  L0164
LE84F  L008F  LE85C  LE892  LE88E  L0165  LE882  LE88F  LE8C5  LE8C1
L0166  LE8B5  LE8C2  LE8FB  LE8F7  L0167  LE8EB  LE8F8  LE92F  LE92B
L0168  LE91F  LE92C  LE96E  LE96A  L016D  LE954  LE96B  LE9DB  LE9D7
LE984  LE98E  L5B87  LE992  L5B85  LE9AF  L0029  L5B8B  L5B89  L5B8C
LE9D8  LEA27  LEA23  L016F  LEA12  LE9F4  L002A  L0171  LEA24  LEA7A
LEA76  L5B95  LEA4B  LEA54  LEA6A  LEA77  LEAAD  LEAA9  L0172  LEA9D
LEAAA  LEAED  LEAE5  L0173  LEAD3  LEAE9  LEB2E  LEB2A  L0175  LEB04
LEB1E  L0090  L002B  LEB2B  LEB6F  LEB6B  L0176  LEB45  LEB5F  L002C
LEB6C  LEBB0  LEBAC  L0177  LEB86  LEBA0  L002D  LEBAD  LEC13  LEBD6
L001E  L0031  LEBE1  LEBE5  LEC15  L0132  LEC4E  LEC4F  L0032  LEC4B
LEC30  L0133  L0033  L0134  L0034  LEC7E  LECCC  LECC8  L0169  LECAF
L0026  LECC9  LED09  LED05  L016A  LECF9  L0027  LED06  LED62  LED5E
L016B  LED32  L0028  LED5F  LEDD3  LEDCF  L016C  LED81  LEDAA  LEDD0
LEDFE  LEDFC  L0179  LEE00  LEE3F  L002F  LEE43  LEE40  LEE6C  LEE6A
L017A  LEE6E  L0030  LEEA5  LEEA9  LEEA6  L0192  LEEFB  LEEF6  LEF11
LEF04  LEF22  L48F3  L48F4  LEF3A  LEF40  LEF34  LEFC9  L3066  LF09A
L3064  L3067  LF0CA  LF0E4  LF0E0  LF100  LF103  LF10D  LF121  LF125
LF13D  LF148  LF14E  LF155  LF162  LF172  LF178  LF184  LF189  LF1B4
LF1BA  LF1CA  LF1D0  LF1DF  LF1E6  LF273  L1806  
     *** Warning:  Branch Ref: 0x1806 is outside of Loaded Source File.
L0F00  LF284  L180C  
     *** Warning:  Branch Ref: 0x180C is outside of Loaded Source File.
L0042  LF2EA  LF2E7  L0364  L302E  L302F  L0363  L0367  LF2CF  LF2BF
L0362  L302D  L012C  L012D  LF36A  L039B  LF39F  L036C  LF35E  LF339
LF343  LF35A  LF36C  L03A1  LF376  LF399  L031B  L031D  L031F  L0321
L0323  L0325  L03A3  LF3BF  LF3AC  LF3E3  L0390  LF3E0  L0045  LF3F2
LF3FE  LF401  LEFD0  LEFD7  LF411  LF414  LF01D  LF024  LF42A  LF421
LF464  L0369  LF43D  LF47D  L036A  L51B1  LF493  L51B3  LF4A4  LF4CB
LF5B5  LF4B1  LF4CC  LF4FC  LF4F4  L0366  LF4E9  LF590  LF513  LF510
LF58A  LF57E  LF52B  LF536  LF530  LF562  LF54C  LF55E  LF559  LF586
LF573  L0368  LF59E  LF5B4  LF5E3  LF5FF  LF5DB  LF5E5  LF660  LF5EE
LF5F5  LF65A  LF60F  LF663  LF62E  LF655  L036E  LF646  LF704  LF6F7
LF6BA  LF680  LF69B  LF695  LF6CB  LF6B0  LF6AB  LF6C0  LF72C  LF72D
LF749  LF753  L0001  LF771  LF774  LF763  LF87E  LF7E3  L3FCC  LF880
L3FEA  LF7B7  LF7CE  LF7D0  LF7F4  LF842  L306E  LF6D2  LF8B1  LF8C7
LF8D6  LF8D1  L7200  LCA8A  L723A  L725B  LEF9A  L7282  L72C3  L7548
L303F  L72D2  L72EC  LEF47  L4008  L4006  L72E5  L730C  L000F  L7308
L733C  L7346  L735A  L7351  L0219  L736D  L7379  L5B21  L7385  L5B42
L7391  L5B52  L739D  L5B58  L73A9  L5B5E  L0025  L73B5  L5B78  L73C1
L5B72  L73CD  L5B74  L73D9  L5B79  L73E5  L73F1  L5B8F  L73FD  L5B9D
L7409  L5B9F  L7415  L5BA1  L002E  L7421  L5BA2  L742D  L5BA8  L7439
L5BAE  L7445  L5BB8  L7457  L7467  L7472  L747A  L7482  L7499  L4950
L74CA  L4951  L9341  LB24D  L0193  L755E  L4071  L750C  L4072  L0049
L3022  L756A  L756C  L7583  L9355  L935E  L93D4  L9361  L94A8  L937F
L9377  L937C  L9323  L93F2  L508E  L93E4  L93EF  L9410  L508F  L9402
L940D  L9423  L9494  L943D  L9442  L9447  L02C4  L9457  L945C  L945E
L946E  L9473  L9478  L02CE  L9488  L948D  L948F  L94A7  L94B2  LB26F
LEF5F  LEF56  LEF62  LEFA8  LEFC2  LEFB2  L3024  L3025  

Pass 2 - Disassembling to Output File...

     *** Warning:  Branch Ref: 0x1800 is outside of Loaded Source File.
     *** Warning:  Branch Ref: 0x1809 is outside of Loaded Source File.
     *** Warning:  Branch Ref: 0x1803 is outside of Loaded Source File.
     *** Warning:  Branch Ref: 0x1812 is outside of Loaded Source File.
     *** Warning:  Branch Ref: 0x180F is outside of Loaded Source File.
     *** Warning:  Branch Ref: 0x1815 is outside of Loaded Source File.
     *** Warning:  Branch Ref: 0x1806 is outside of Loaded Source File.
     *** Warning:  Branch Ref: 0x180C is outside of Loaded Source File.
 
Pass 3 - Creating Functions Output File...
     *** Warning:  Branch Ref: 0x1800 is outside of Loaded Source File.
     *** Warning:  Branch Ref: 0x1809 is outside of Loaded Source File.
     *** Warning:  Branch Ref: 0x1803 is outside of Loaded Source File.
     *** Warning:  Branch Ref: 0x1812 is outside of Loaded Source File.
     *** Warning:  Branch Ref: 0x180F is outside of Loaded Source File.
     *** Warning:  Branch Ref: 0x1815 is outside of Loaded Source File.
     *** Warning:  Branch Ref: 0x1806 is outside of Loaded Source File.
     *** Warning:  Branch Ref: 0x180C is outside of Loaded Source File.

Disassembly Complete
